Using pre-set license
Built from '2022.3/staging' branch; Version is '2022.3.8f1 (b5eafc012955) revision 11922172'; Using compiler version '192829333'; Build Type 'Release'
OS: 'Windows 10  (10.0.19045) 64bit Professional' Language: 'en' Physical Memory: 65236 MB
BatchMode: 1, IsHumanControllingUs: 0, StartBugReporterOnCrash: 0, Is64bit: 1, IsPro: 1

COMMAND LINE ARGUMENTS:
H:\Unity\2022.3.8f1\Editor\Unity.exe
-adb2
-batchMode
-noUpm
-name
AssetImportWorker4
-projectPath
H:/Git/COMP3013-Group/Asylum
-logFile
Logs/AssetImportWorker4.log
-srvPort
15654
Successfully changed project path to: H:/Git/COMP3013-Group/Asylum
H:/Git/COMP3013-Group/Asylum
[UnityMemory] Configuration Parameters - Can be set up in boot.config
    "memorysetup-bucket-allocator-granularity=16"
    "memorysetup-bucket-allocator-bucket-count=8"
    "memorysetup-bucket-allocator-block-size=33554432"
    "memorysetup-bucket-allocator-block-count=8"
    "memorysetup-main-allocator-block-size=16777216"
    "memorysetup-thread-allocator-block-size=16777216"
    "memorysetup-gfx-main-allocator-block-size=16777216"
    "memorysetup-gfx-thread-allocator-block-size=16777216"
    "memorysetup-cache-allocator-block-size=4194304"
    "memorysetup-typetree-allocator-block-size=2097152"
    "memorysetup-profiler-bucket-allocator-granularity=16"
    "memorysetup-profiler-bucket-allocator-bucket-count=8"
    "memorysetup-profiler-bucket-allocator-block-size=33554432"
    "memorysetup-profiler-bucket-allocator-block-count=8"
    "memorysetup-profiler-allocator-block-size=16777216"
    "memorysetup-profiler-editor-allocator-block-size=1048576"
    "memorysetup-temp-allocator-size-main=16777216"
    "memorysetup-job-temp-allocator-block-size=2097152"
    "memorysetup-job-temp-allocator-block-size-background=1048576"
    "memorysetup-job-temp-allocator-reduction-small-platforms=262144"
    "memorysetup-allocator-temp-initial-block-size-main=262144"
    "memorysetup-allocator-temp-initial-block-size-worker=262144"
    "memorysetup-temp-allocator-size-background-worker=32768"
    "memorysetup-temp-allocator-size-job-worker=262144"
    "memorysetup-temp-allocator-size-preload-manager=33554432"
    "memorysetup-temp-allocator-size-nav-mesh-worker=65536"
    "memorysetup-temp-allocator-size-audio-worker=65536"
    "memorysetup-temp-allocator-size-cloud-worker=32768"
    "memorysetup-temp-allocator-size-gi-baking-worker=262144"
    "memorysetup-temp-allocator-size-gfx=262144"
Player connection [34364] Host "[IP] 10.167.140.153 [Port] 0 [Flags] 2 [Guid] 3787938772 [EditorId] 3787938772 [Version] 1048832 [Id] WindowsEditor(7,DESKTOP-R5O0II5) [Debug] 1 [PackageName] WindowsEditor [ProjectName] Editor" joined multi-casting on [225.0.0.222:54997]...

Player connection [34364] Host "[IP] 10.167.140.153 [Port] 0 [Flags] 2 [Guid] 3787938772 [EditorId] 3787938772 [Version] 1048832 [Id] WindowsEditor(7,DESKTOP-R5O0II5) [Debug] 1 [PackageName] WindowsEditor [ProjectName] Editor" joined alternative multi-casting on [225.0.0.222:34997]...

[Physics::Module] Initialized MultithreadedJobDispatcher with 23 workers.
Refreshing native plugins compatible for Editor in 4.37 ms, found 3 plugins.
Preloading 0 native plugins for Editor in 0.00 ms.
Initialize engine version: 2022.3.8f1 (b5eafc012955)
[Subsystems] Discovering subsystems at path H:/Unity/2022.3.8f1/Editor/Data/Resources/UnitySubsystems
[Subsystems] Discovering subsystems at path H:/Git/COMP3013-Group/Asylum/Assets
GfxDevice: creating device client; threaded=0; jobified=0
Direct3D:
    Version:  Direct3D 11.0 [level 11.1]
    Renderer: NVIDIA GeForce RTX 4070 Ti (ID=0x2782)
    Vendor:   NVIDIA
    VRAM:     12010 MB
    Driver:   31.0.15.4617
Initialize mono
Mono path[0] = 'H:/Unity/2022.3.8f1/Editor/Data/Managed'
Mono path[1] = 'H:/Unity/2022.3.8f1/Editor/Data/MonoBleedingEdge/lib/mono/unityjit-win32'
Mono config path = 'H:/Unity/2022.3.8f1/Editor/Data/MonoBleedingEdge/etc'
Using monoOptions --debugger-agent=transport=dt_socket,embedding=1,server=y,suspend=n,address=127.0.0.1:56820
Begin MonoManager ReloadAssembly
Registering precompiled unity dll's ...
Register platform support module: H:/Unity/2022.3.8f1/Editor/Data/PlaybackEngines/WebGLSupport/UnityEditor.WebGL.Extensions.dll
Register platform support module: H:/Unity/2022.3.8f1/Editor/Data/PlaybackEngines/WindowsStandaloneSupport/UnityEditor.WindowsStandalone.Extensions.dll
Registered in 0.003780 seconds.
- Loaded All Assemblies, in  0.339 seconds
Native extension for WindowsStandalone target not found
Native extension for WebGL target not found
Mono: successfully reloaded assembly
- Finished resetting the current domain, in  0.258 seconds
Domain Reload Profiling: 597ms
	BeginReloadAssembly (100ms)
		ExecutionOrderSort (0ms)
		DisableScriptedObjects (0ms)
		BackupInstance (0ms)
		ReleaseScriptingObjects (0ms)
		CreateAndSetChildDomain (1ms)
	RebuildCommonClasses (34ms)
	RebuildNativeTypeToScriptingClass (11ms)
	initialDomainReloadingComplete (51ms)
	LoadAllAssembliesAndSetupDomain (142ms)
		LoadAssemblies (100ms)
		RebuildTransferFunctionScriptingTraits (0ms)
		AnalyzeDomain (140ms)
			TypeCache.Refresh (139ms)
				TypeCache.ScanAssembly (124ms)
			ScanForSourceGeneratedMonoScriptInfo (0ms)
			ResolveRequiredComponents (0ms)
	FinalizeReload (258ms)
		ReleaseScriptCaches (0ms)
		RebuildScriptCaches (0ms)
		SetupLoadedEditorAssemblies (183ms)
			LogAssemblyErrors (0ms)
			InitializePlatformSupportModulesInManaged (7ms)
			SetLoadedEditorAssemblies (7ms)
			RefreshPlugins (0ms)
			BeforeProcessingInitializeOnLoad (2ms)
			ProcessInitializeOnLoadAttributes (124ms)
			ProcessInitializeOnLoadMethodAttributes (43ms)
			AfterProcessingInitializeOnLoad (0ms)
			EditorAssembliesLoaded (0ms)
		ExecutionOrderSort2 (0ms)
		AwakeInstancesAfterBackupRestoration (0ms)
========================================================================
Worker process is ready to serve import requests
Begin MonoManager ReloadAssembly
- Loaded All Assemblies, in  0.685 seconds
Refreshing native plugins compatible for Editor in 1.72 ms, found 3 plugins.
Native extension for WindowsStandalone target not found
Native extension for WebGL target not found
Package Manager log level set to [2]
[Package Manager] Server::EnsureServerProcessIsRunning -- launch failed, reason: Unity was launched with the -noUpm command-line argument
[Package Manager] UpmClient::Send -- Unable to send message (not connected to UPM process).
[Package Manager] Cannot connect to Unity Package Manager local server
Mono: successfully reloaded assembly
- Finished resetting the current domain, in  0.594 seconds
Domain Reload Profiling: 1279ms
	BeginReloadAssembly (170ms)
		ExecutionOrderSort (0ms)
		DisableScriptedObjects (10ms)
		BackupInstance (0ms)
		ReleaseScriptingObjects (0ms)
		CreateAndSetChildDomain (34ms)
	RebuildCommonClasses (33ms)
	RebuildNativeTypeToScriptingClass (10ms)
	initialDomainReloadingComplete (37ms)
	LoadAllAssembliesAndSetupDomain (434ms)
		LoadAssemblies (318ms)
		RebuildTransferFunctionScriptingTraits (0ms)
		AnalyzeDomain (203ms)
			TypeCache.Refresh (179ms)
				TypeCache.ScanAssembly (159ms)
			ScanForSourceGeneratedMonoScriptInfo (18ms)
			ResolveRequiredComponents (4ms)
	FinalizeReload (594ms)
		ReleaseScriptCaches (0ms)
		RebuildScriptCaches (0ms)
		SetupLoadedEditorAssemblies (455ms)
			LogAssemblyErrors (0ms)
			InitializePlatformSupportModulesInManaged (5ms)
			SetLoadedEditorAssemblies (7ms)
			RefreshPlugins (0ms)
			BeforeProcessingInitializeOnLoad (72ms)
			ProcessInitializeOnLoadAttributes (352ms)
			ProcessInitializeOnLoadMethodAttributes (16ms)
			AfterProcessingInitializeOnLoad (2ms)
			EditorAssembliesLoaded (0ms)
		ExecutionOrderSort2 (0ms)
		AwakeInstancesAfterBackupRestoration (6ms)
Launched and connected shader compiler UnityShaderCompiler.exe after 0.12 seconds
Refreshing native plugins compatible for Editor in 1.51 ms, found 3 plugins.
Preloading 0 native plugins for Editor in 0.00 ms.
Unloading 3638 Unused Serialized files (Serialized files now loaded: 0)
Unloading 62 unused Assets / (2.4 MB). Loaded Objects now: 4094.
Memory consumption went from 160.1 MB to 157.7 MB.
Total: 5.603800 ms (FindLiveObjects: 0.486900 ms CreateObjectMapping: 0.275300 ms MarkObjects: 3.801300 ms  DeleteObjects: 1.039500 ms)

AssetImportParameters requested are different than current active one (requested -> active):
  custom:container-demuxer-ogg: 62fdf1f143b41e24485cea50d1cbac27 -> 
  custom:video-decoder-ogg-theora: a1e56fd34408186e4bbccfd4996cb3dc -> 
  custom:framework-win-MediaFoundation: 216162199b28c13a410421893ffa2e32 -> 
  custom:CustomObjectIndexerAttribute: 756ad292c208cfabdd7b50bc23989ffe -> 
  custom:container-demuxer-webm: 4f35f7cbe854078d1ac9338744f61a02 -> 
  custom:container-muxer-webm: aa71ff27fc2769a1b78a27578f13a17b -> 
  custom:video-decoder-webm-vp8: 9c59270c3fd7afecdb556c50c9e8de78 -> 
  custom:AudioImporter_EditorPlatform: d09bf68614088b80899f8185d706f6e7 -> 
  custom:video-encoder-webm-vp8: eb34c28f22e8b96e1ab97ce403110664 -> 
  custom:audio-decoder-ogg-vorbis: bf7c407c2cedff20999df2af8eb42d56 -> 
  custom:audio-encoder-webm-vorbis: bf7c407c2cedff20999df2af8eb42d56 -> 
========================================================================
Received Import Request.
  Time since last request: 16289.995618 seconds.
  path: Assets/Materials/Mats/Walls/Metals/Corroded/Corroded.mat
  artifactKey: Guid(561bf081a04aed047a48ac5f51109f68) Importer(815301076,1909f56bfc062723c751e8b465ee728b)
Start importing Assets/Materials/Mats/Walls/Metals/Corroded/Corroded.mat using Guid(561bf081a04aed047a48ac5f51109f68) Importer(815301076,1909f56bfc062723c751e8b465ee728b)  -> (artifact id: '42dadd5fd1a79773989e5c01c870c4ce') in 0.112290 seconds
Number of updated asset objects reloaded before import = 0
Number of asset objects unloaded after import = 1
========================================================================
Received Import Request.
  Time since last request: 202.369498 seconds.
  path: Assets/Materials/Mats/Walls/Metals/MetalPlate.mat
  artifactKey: Guid(627482d8b4ddb3a45bc7aa723bdf0e9e) Importer(815301076,1909f56bfc062723c751e8b465ee728b)
Start importing Assets/Materials/Mats/Walls/Metals/MetalPlate.mat using Guid(627482d8b4ddb3a45bc7aa723bdf0e9e) Importer(815301076,1909f56bfc062723c751e8b465ee728b)  -> (artifact id: '4f6bcac741097451bbf159a68fbfa55c') in 0.062569 seconds
Number of updated asset objects reloaded before import = 0
Number of asset objects unloaded after import = 7
========================================================================
Received Import Request.
  Time since last request: 30.790955 seconds.
  path: Assets/Materials/Mats/Walls/Metals/Grill
  artifactKey: Guid(f7223b6ef6b77394aa15049013fa2d6b) Importer(815301076,1909f56bfc062723c751e8b465ee728b)
Start importing Assets/Materials/Mats/Walls/Metals/Grill using Guid(f7223b6ef6b77394aa15049013fa2d6b) Importer(815301076,1909f56bfc062723c751e8b465ee728b)  -> (artifact id: '6759c23ba535193073744512c6f18483') in 0.000732 seconds
Number of updated asset objects reloaded before import = 0
Number of asset objects unloaded after import = 0
========================================================================
Received Import Request.
  Time since last request: 6.112482 seconds.
  path: Assets/Materials/Mats/Walls/Metals/Grill/Material_2033.jpg
  artifactKey: Guid(7247d8e882da5ad4faac3d4d1cfc037d) Importer(815301076,1909f56bfc062723c751e8b465ee728b)
Start importing Assets/Materials/Mats/Walls/Metals/Grill/Material_2033.jpg using Guid(7247d8e882da5ad4faac3d4d1cfc037d) Importer(815301076,1909f56bfc062723c751e8b465ee728b)  -> (artifact id: '303584aea542edbe6c292f64cfde1b8c') in 0.030873 seconds
Number of updated asset objects reloaded before import = 0
Number of asset objects unloaded after import = 2
========================================================================
Received Import Request.
  Time since last request: 0.000035 seconds.
  path: Assets/Materials/Mats/Walls/Metals/Grill/Metal_Grill_024_opacity.jpg
  artifactKey: Guid(aa4fb6fc2a4a9f14da67fedb7a8b2353) Importer(815301076,1909f56bfc062723c751e8b465ee728b)
Start importing Assets/Materials/Mats/Walls/Metals/Grill/Metal_Grill_024_opacity.jpg using Guid(aa4fb6fc2a4a9f14da67fedb7a8b2353) Importer(815301076,1909f56bfc062723c751e8b465ee728b)  -> (artifact id: 'ac4ac6ff8a09c737815ea4353dac98fd') in 0.011421 seconds
Number of updated asset objects reloaded before import = 0
Number of asset objects unloaded after import = 2
========================================================================
Received Import Request.
  Time since last request: 0.000050 seconds.
  path: Assets/Materials/Mats/Walls/Metals/Grill/Metal_Grill_024_roughness.jpg
  artifactKey: Guid(b1d350c26233f7a489aa043838e90b38) Importer(815301076,1909f56bfc062723c751e8b465ee728b)
Start importing Assets/Materials/Mats/Walls/Metals/Grill/Metal_Grill_024_roughness.jpg using Guid(b1d350c26233f7a489aa043838e90b38) Importer(815301076,1909f56bfc062723c751e8b465ee728b)  -> (artifact id: '896acc5cad93106f533d2c19fb10e431') in 0.011075 seconds
Number of updated asset objects reloaded before import = 0
Number of asset objects unloaded after import = 2
========================================================================
Received Import Request.
  Time since last request: 0.000045 seconds.
  path: Assets/Materials/Mats/Walls/Metals/Grill/Metal_Grill_024_normal.jpg
  artifactKey: Guid(66111d8d879b1504aa99def88899a47f) Importer(815301076,1909f56bfc062723c751e8b465ee728b)
Start importing Assets/Materials/Mats/Walls/Metals/Grill/Metal_Grill_024_normal.jpg using Guid(66111d8d879b1504aa99def88899a47f) Importer(815301076,1909f56bfc062723c751e8b465ee728b)  -> (artifact id: '04c10f03147381ac3d519db76b3d16dd') in 0.011839 seconds
Number of updated asset objects reloaded before import = 0
Number of asset objects unloaded after import = 2
========================================================================
Received Import Request.
  Time since last request: 0.000102 seconds.
  path: Assets/Materials/Mats/Walls/Metals/Grill/Metal_Grill_024_height.png
  artifactKey: Guid(288338874ec391f409e7c8cf4092a9d4) Importer(815301076,1909f56bfc062723c751e8b465ee728b)
Start importing Assets/Materials/Mats/Walls/Metals/Grill/Metal_Grill_024_height.png using Guid(288338874ec391f409e7c8cf4092a9d4) Importer(815301076,1909f56bfc062723c751e8b465ee728b)  -> (artifact id: '85b4aa21e35da30e4e15cf39e7c74b94') in 0.014409 seconds
Number of updated asset objects reloaded before import = 0
Number of asset objects unloaded after import = 2
========================================================================
Received Import Request.
  Time since last request: 0.000049 seconds.
  path: Assets/Materials/Mats/Walls/Metals/Grill/Metal_Grill_024_metallic.jpg
  artifactKey: Guid(6456d30f1b9ccfd49bb60fd650d271d1) Importer(815301076,1909f56bfc062723c751e8b465ee728b)
Start importing Assets/Materials/Mats/Walls/Metals/Grill/Metal_Grill_024_metallic.jpg using Guid(6456d30f1b9ccfd49bb60fd650d271d1) Importer(815301076,1909f56bfc062723c751e8b465ee728b)  -> (artifact id: 'e086b402f480046bee1c42e111471c18') in 0.015948 seconds
Number of updated asset objects reloaded before import = 0
Number of asset objects unloaded after import = 2
========================================================================
Received Import Request.
  Time since last request: 12.101169 seconds.
  path: Assets/Materials/Mats/Walls/Metals/Grill/Grill.mat
  artifactKey: Guid(8f24f5cf5dae3244abce7bb9749b6b4e) Importer(815301076,1909f56bfc062723c751e8b465ee728b)
Start importing Assets/Materials/Mats/Walls/Metals/Grill/Grill.mat using Guid(8f24f5cf5dae3244abce7bb9749b6b4e) Importer(815301076,1909f56bfc062723c751e8b465ee728b)  -> (artifact id: 'ec5fe0b384054018bbe23b5c9846bbea') in 0.010895 seconds
Number of updated asset objects reloaded before import = 0
Number of asset objects unloaded after import = 1
========================================================================
Received Import Request.
  Time since last request: 91.073048 seconds.
  path: Assets/Materials/Mats/Walls/Metals/Corroded/Corroded.mat
  artifactKey: Guid(561bf081a04aed047a48ac5f51109f68) Importer(815301076,1909f56bfc062723c751e8b465ee728b)
Start importing Assets/Materials/Mats/Walls/Metals/Corroded/Corroded.mat using Guid(561bf081a04aed047a48ac5f51109f68) Importer(815301076,1909f56bfc062723c751e8b465ee728b)  -> (artifact id: 'a4337ce84e6fd1890ec7431e6e1fa30a') in 0.062693 seconds
Number of updated asset objects reloaded before import = 0
Number of asset objects unloaded after import = 5
========================================================================
Received Import Request.
  Time since last request: 67.776928 seconds.
  path: Assets/Materials/Mats/Ceiling/ConcretePrecastPlates004_AO_1K_METALNESS.png
  artifactKey: Guid(07f87b39d48371c44a85e5f6bee7e219) Importer(815301076,1909f56bfc062723c751e8b465ee728b)
Start importing Assets/Materials/Mats/Ceiling/ConcretePrecastPlates004_AO_1K_METALNESS.png using Guid(07f87b39d48371c44a85e5f6bee7e219) Importer(815301076,1909f56bfc062723c751e8b465ee728b)  -> (artifact id: '7974041ffd73c5f4d4dcd089c70e424c') in 0.015684 seconds
Number of updated asset objects reloaded before import = 0
Number of asset objects unloaded after import = 2
========================================================================
Received Import Request.
  Time since last request: 0.000402 seconds.
  path: Assets/Materials/Mats/Ceiling/ConcretePrecastPlates004_DISP16_1K_METALNESS.png
  artifactKey: Guid(9feebd95a5cbca349bf87015c9800e59) Importer(815301076,1909f56bfc062723c751e8b465ee728b)
Start importing Assets/Materials/Mats/Ceiling/ConcretePrecastPlates004_DISP16_1K_METALNESS.png using Guid(9feebd95a5cbca349bf87015c9800e59) Importer(815301076,1909f56bfc062723c751e8b465ee728b)  -> (artifact id: '1973789226b32cc91726f100a14a5ebf') in 0.016881 seconds
Number of updated asset objects reloaded before import = 0
Number of asset objects unloaded after import = 2
========================================================================
Received Import Request.
  Time since last request: 0.000026 seconds.
  path: Assets/Materials/Mats/Ceiling/ConcretePrecastPlates004_DISP_1K_METALNESS.png
  artifactKey: Guid(bb7f57a4927448248a91b9ea01e76719) Importer(815301076,1909f56bfc062723c751e8b465ee728b)
Start importing Assets/Materials/Mats/Ceiling/ConcretePrecastPlates004_DISP_1K_METALNESS.png using Guid(bb7f57a4927448248a91b9ea01e76719) Importer(815301076,1909f56bfc062723c751e8b465ee728b)  -> (artifact id: '7931751022feae376a9537eabd58044e') in 0.012879 seconds
Number of updated asset objects reloaded before import = 0
Number of asset objects unloaded after import = 2
========================================================================
Received Import Request.
  Time since last request: 0.000019 seconds.
  path: Assets/Materials/Mats/Ceiling/ConcretePrecastPlates004_ROUGHNESS_1K_METALNESS.png
  artifactKey: Guid(f44535e5227bd1446bebb0f8a7039cae) Importer(815301076,1909f56bfc062723c751e8b465ee728b)
Start importing Assets/Materials/Mats/Ceiling/ConcretePrecastPlates004_ROUGHNESS_1K_METALNESS.png using Guid(f44535e5227bd1446bebb0f8a7039cae) Importer(815301076,1909f56bfc062723c751e8b465ee728b)  -> (artifact id: '9f888f95e45084663461c294b9721ca5') in 0.011583 seconds
Number of updated asset objects reloaded before import = 0
Number of asset objects unloaded after import = 2
========================================================================
Received Import Request.
  Time since last request: 0.000021 seconds.
  path: Assets/Materials/Mats/Ceiling/ConcretePrecastPlates004_METALNESS_1K_METALNESS.png
  artifactKey: Guid(8999ead22f00b2949a19b85b0d599c7e) Importer(815301076,1909f56bfc062723c751e8b465ee728b)
Start importing Assets/Materials/Mats/Ceiling/ConcretePrecastPlates004_METALNESS_1K_METALNESS.png using Guid(8999ead22f00b2949a19b85b0d599c7e) Importer(815301076,1909f56bfc062723c751e8b465ee728b)  -> (artifact id: 'ea56d373e96f95b46f640bc452363f73') in 0.012427 seconds
Number of updated asset objects reloaded before import = 0
Number of asset objects unloaded after import = 2
========================================================================
Received Import Request.
  Time since last request: 15.656713 seconds.
  path: Assets/Materials/Mats/Ceiling/CeilingConcr.mat
  artifactKey: Guid(1988adac5e77433488712e2f61b1496c) Importer(815301076,1909f56bfc062723c751e8b465ee728b)
Start importing Assets/Materials/Mats/Ceiling/CeilingConcr.mat using Guid(1988adac5e77433488712e2f61b1496c) Importer(815301076,1909f56bfc062723c751e8b465ee728b)  -> (artifact id: '72675ff06510afd7bb0482344b3faa0d') in 0.012585 seconds
Number of updated asset objects reloaded before import = 0
Number of asset objects unloaded after import = 1
========================================================================
Received Import Request.
  Time since last request: 305.152933 seconds.
  path: Assets/Materials/Mats/Ceiling/CeilingConcr.mat
  artifactKey: Guid(1988adac5e77433488712e2f61b1496c) Importer(815301076,1909f56bfc062723c751e8b465ee728b)
Start importing Assets/Materials/Mats/Ceiling/CeilingConcr.mat using Guid(1988adac5e77433488712e2f61b1496c) Importer(815301076,1909f56bfc062723c751e8b465ee728b)  -> (artifact id: '7ca09082cbe6b0368a40e9155a92dc4f') in 0.017874 seconds
Number of updated asset objects reloaded before import = 0
Number of asset objects unloaded after import = 5
========================================================================
Received Import Request.
  Time since last request: 1.911632 seconds.
  path: Assets/Materials/Mats/Ceiling/CeilingConcr.mat
  artifactKey: Guid(1988adac5e77433488712e2f61b1496c) Importer(815301076,1909f56bfc062723c751e8b465ee728b)
Start importing Assets/Materials/Mats/Ceiling/CeilingConcr.mat using Guid(1988adac5e77433488712e2f61b1496c) Importer(815301076,1909f56bfc062723c751e8b465ee728b)  -> (artifact id: '94c94243e6a279fe3b885f3df80ef6ff') in 0.015861 seconds
Number of updated asset objects reloaded before import = 0
Number of asset objects unloaded after import = 5
